<?xml version="1.0" encoding="UTF-8"?>
<coverage generated="1637427520413" clover="3.2.0">
  <project timestamp="1637427520414" name="All files">
    <metrics statements="115" coveredstatements="100" conditionals="68" coveredconditionals="53" methods="28" coveredmethods="26" elements="211" coveredelements="179" complexity="0" loc="115" ncloc="115" packages="1" files="5" classes="5"/>
    <file name="atbashChipher.js" path="/Users/gaziztuleukulov/Documents/Learning/NodeJSRSScool/2021Q3/Task-1.-Ciphering-CLI-tool/src/atbashChipher.js">
      <metrics statements="16" coveredstatements="16" conditionals="8" coveredconditionals="8" methods="3" coveredmethods="3"/>
      <line num="1" count="1" type="stmt"/>
      <line num="2" count="1" type="stmt"/>
      <line num="3" count="1" type="stmt"/>
      <line num="4" count="41" type="stmt"/>
      <line num="5" count="41" type="stmt"/>
      <line num="7" count="1" type="stmt"/>
      <line num="10" count="1" type="stmt"/>
      <line num="12" count="41" type="cond" truecount="4" falsecount="0"/>
      <line num="13" count="2" type="stmt"/>
      <line num="14" count="39" type="cond" truecount="4" falsecount="0"/>
      <line num="15" count="28" type="stmt"/>
      <line num="16" count="11" type="stmt"/>
      <line num="18" count="41" type="stmt"/>
      <line num="21" count="1" type="stmt"/>
      <line num="22" count="30" type="stmt"/>
      <line num="23" count="30" type="stmt"/>
    </file>
    <file name="caesarCipher.js" path="/Users/gaziztuleukulov/Documents/Learning/NodeJSRSScool/2021Q3/Task-1.-Ciphering-CLI-tool/src/caesarCipher.js">
      <metrics statements="22" coveredstatements="22" conditionals="12" coveredconditionals="11" methods="6" coveredmethods="6"/>
      <line num="1" count="1" type="stmt"/>
      <line num="2" count="4" type="stmt"/>
      <line num="3" count="123" type="stmt"/>
      <line num="4" count="3" type="stmt"/>
      <line num="5" count="3" type="stmt"/>
      <line num="6" count="123" type="stmt"/>
      <line num="7" count="123" type="stmt"/>
      <line num="9" count="3" type="stmt"/>
      <line num="13" count="1" type="stmt"/>
      <line num="15" count="123" type="cond" truecount="4" falsecount="0"/>
      <line num="16" count="6" type="stmt"/>
      <line num="17" count="117" type="cond" truecount="4" falsecount="0"/>
      <line num="18" count="84" type="stmt"/>
      <line num="19" count="33" type="stmt"/>
      <line num="21" count="123" type="stmt"/>
      <line num="24" count="1" type="stmt"/>
      <line num="26" count="6" type="stmt"/>
      <line num="27" count="6" type="cond" truecount="1" falsecount="1"/>
      <line num="30" count="1" type="stmt"/>
      <line num="31" count="84" type="stmt"/>
      <line num="32" count="84" type="cond" truecount="2" falsecount="0"/>
      <line num="33" count="84" type="stmt"/>
    </file>
    <file name="cli.js" path="/Users/gaziztuleukulov/Documents/Learning/NodeJSRSScool/2021Q3/Task-1.-Ciphering-CLI-tool/src/cli.js">
      <metrics statements="45" coveredstatements="33" conditionals="36" coveredconditionals="27" methods="6" coveredmethods="5"/>
      <line num="1" count="1" type="stmt"/>
      <line num="2" count="0" type="stmt"/>
      <line num="3" count="0" type="stmt"/>
      <line num="4" count="0" type="stmt"/>
      <line num="5" count="0" type="stmt"/>
      <line num="6" count="0" type="stmt"/>
      <line num="7" count="0" type="cond" truecount="0" falsecount="2"/>
      <line num="8" count="0" type="cond" truecount="0" falsecount="2"/>
      <line num="9" count="0" type="cond" truecount="0" falsecount="2"/>
      <line num="11" count="0" type="stmt"/>
      <line num="12" count="0" type="stmt"/>
      <line num="13" count="0" type="stmt"/>
      <line num="15" count="0" type="stmt"/>
      <line num="19" count="3" type="cond" truecount="3" falsecount="1"/>
      <line num="20" count="3" type="cond" truecount="2" falsecount="0"/>
      <line num="21" count="1" type="stmt"/>
      <line num="22" count="1" type="stmt"/>
      <line num="24" count="3" type="stmt"/>
      <line num="29" count="3" type="cond" truecount="3" falsecount="1"/>
      <line num="30" count="3" type="cond" truecount="2" falsecount="0"/>
      <line num="31" count="1" type="stmt"/>
      <line num="32" count="1" type="stmt"/>
      <line num="34" count="3" type="stmt"/>
      <line num="39" count="3" type="cond" truecount="3" falsecount="1"/>
      <line num="40" count="3" type="cond" truecount="2" falsecount="0"/>
      <line num="41" count="1" type="stmt"/>
      <line num="42" count="1" type="stmt"/>
      <line num="44" count="3" type="stmt"/>
      <line num="49" count="6" type="cond" truecount="2" falsecount="0"/>
      <line num="50" count="2" type="stmt"/>
      <line num="51" count="2" type="stmt"/>
      <line num="53" count="4" type="cond" truecount="2" falsecount="0"/>
      <line num="54" count="1" type="stmt"/>
      <line num="55" count="1" type="stmt"/>
      <line num="57" count="3" type="cond" truecount="2" falsecount="0"/>
      <line num="58" count="2" type="cond" truecount="2" falsecount="0"/>
      <line num="59" count="1" type="stmt"/>
      <line num="60" count="1" type="stmt"/>
      <line num="62" count="2" type="stmt"/>
      <line num="64" count="1" type="stmt"/>
      <line num="65" count="1" type="stmt"/>
      <line num="69" count="5" type="cond" truecount="4" falsecount="0"/>
      <line num="70" count="4" type="stmt"/>
      <line num="72" count="1" type="stmt"/>
      <line num="73" count="1" type="stmt"/>
    </file>
    <file name="decodeText.js" path="/Users/gaziztuleukulov/Documents/Learning/NodeJSRSScool/2021Q3/Task-1.-Ciphering-CLI-tool/src/decodeText.js">
      <metrics statements="3" coveredstatements="3" conditionals="0" coveredconditionals="0" methods="1" coveredmethods="1"/>
      <line num="4" count="1" type="stmt"/>
      <line num="11" count="1" type="stmt"/>
      <line num="12" count="4" type="stmt"/>
    </file>
    <file name="stream.js" path="/Users/gaziztuleukulov/Documents/Learning/NodeJSRSScool/2021Q3/Task-1.-Ciphering-CLI-tool/src/stream.js">
      <metrics statements="29" coveredstatements="26" conditionals="12" coveredconditionals="7" methods="12" coveredmethods="11"/>
      <line num="5" count="1" type="stmt"/>
      <line num="6" count="4" type="stmt"/>
      <line num="8" count="4" type="stmt"/>
      <line num="9" count="4" type="stmt"/>
      <line num="10" count="4" type="stmt"/>
      <line num="15" count="1" type="stmt"/>
      <line num="16" count="2" type="cond" truecount="1" falsecount="1"/>
      <line num="17" count="2" type="stmt"/>
      <line num="18" count="2" type="stmt"/>
      <line num="19" count="2" type="cond" truecount="2" falsecount="0"/>
      <line num="20" count="1" type="stmt"/>
      <line num="21" count="1" type="stmt"/>
      <line num="25" count="1" type="cond" truecount="1" falsecount="1"/>
      <line num="26" count="1" type="stmt"/>
      <line num="27" count="1" type="stmt"/>
      <line num="28" count="1" type="cond" truecount="1" falsecount="1"/>
      <line num="29" count="0" type="stmt"/>
      <line num="30" count="1" type="stmt"/>
      <line num="36" count="1" type="stmt"/>
      <line num="38" count="1" type="cond" truecount="1" falsecount="1"/>
      <line num="39" count="1" type="stmt"/>
      <line num="41" count="0" type="stmt"/>
      <line num="43" count="1" type="cond" truecount="1" falsecount="1"/>
      <line num="44" count="1" type="stmt"/>
      <line num="49" count="0" type="stmt"/>
      <line num="51" count="1" type="stmt"/>
      <line num="52" count="1" type="stmt"/>
      <line num="55" count="4" type="stmt"/>
      <line num="60" count="1" type="stmt"/>
    </file>
  </project>
</coverage>
