<?xml version="1.0" encoding="UTF-8"?>
<coverage generated="1637412766422" clover="3.2.0">
  <project timestamp="1637412766422" name="All files">
    <metrics statements="45" coveredstatements="18" conditionals="36" coveredconditionals="17" methods="6" coveredmethods="4" elements="87" coveredelements="39" complexity="0" loc="45" ncloc="45" packages="1" files="1" classes="1"/>
    <file name="cli.js" path="/Users/gaziztuleukulov/Documents/Learning/NodeJSRSScool/2021Q3/Task-1.-Ciphering-CLI-tool/src/cli.js">
      <metrics statements="45" coveredstatements="18" conditionals="36" coveredconditionals="17" methods="6" coveredmethods="4"/>
      <line num="1" count="1" type="stmt"/>
      <line num="2" count="0" type="stmt"/>
      <line num="3" count="0" type="stmt"/>
      <line num="4" count="0" type="stmt"/>
      <line num="5" count="0" type="stmt"/>
      <line num="6" count="0" type="stmt"/>
      <line num="7" count="0" type="cond" truecount="0" falsecount="2"/>
      <line num="8" count="0" type="cond" truecount="0" falsecount="2"/>
      <line num="9" count="0" type="cond" truecount="0" falsecount="2"/>
      <line num="11" count="0" type="stmt"/>
      <line num="12" count="0" type="stmt"/>
      <line num="13" count="0" type="stmt"/>
      <line num="15" count="0" type="stmt"/>
      <line num="19" count="3" type="cond" truecount="3" falsecount="1"/>
      <line num="20" count="3" type="cond" truecount="2" falsecount="0"/>
      <line num="21" count="1" type="stmt"/>
      <line num="22" count="1" type="stmt"/>
      <line num="24" count="3" type="stmt"/>
      <line num="29" count="3" type="cond" truecount="3" falsecount="1"/>
      <line num="30" count="3" type="cond" truecount="2" falsecount="0"/>
      <line num="31" count="1" type="stmt"/>
      <line num="32" count="1" type="stmt"/>
      <line num="34" count="3" type="stmt"/>
      <line num="39" count="3" type="cond" truecount="3" falsecount="1"/>
      <line num="40" count="3" type="cond" truecount="2" falsecount="0"/>
      <line num="41" count="1" type="stmt"/>
      <line num="42" count="1" type="stmt"/>
      <line num="44" count="3" type="stmt"/>
      <line num="49" count="0" type="cond" truecount="0" falsecount="2"/>
      <line num="50" count="0" type="stmt"/>
      <line num="51" count="0" type="stmt"/>
      <line num="53" count="0" type="cond" truecount="0" falsecount="2"/>
      <line num="54" count="0" type="stmt"/>
      <line num="55" count="0" type="stmt"/>
      <line num="57" count="0" type="cond" truecount="0" falsecount="2"/>
      <line num="58" count="0" type="cond" truecount="0" falsecount="2"/>
      <line num="59" count="0" type="stmt"/>
      <line num="60" count="0" type="stmt"/>
      <line num="62" count="0" type="stmt"/>
      <line num="64" count="0" type="stmt"/>
      <line num="65" count="0" type="stmt"/>
      <line num="69" count="1" type="cond" truecount="2" falsecount="2"/>
      <line num="70" count="1" type="stmt"/>
      <line num="72" count="0" type="stmt"/>
      <line num="73" count="0" type="stmt"/>
    </file>
  </project>
</coverage>
