{"/Users/gaziztuleukulov/Documents/Learning/NodeJSRSScool/2021Q3/Task-1.-Ciphering-CLI-tool/src/cli.js": {"path":"/Users/gaziztuleukulov/Documents/Learning/NodeJSRSScool/2021Q3/Task-1.-Ciphering-CLI-tool/src/cli.js","statementMap":{"0":{"start":{"line":1,"column":24},"end":{"line":16,"column":1}},"1":{"start":{"line":2,"column":14},"end":{"line":2,"column":35}},"2":{"start":{"line":3,"column":15},"end":{"line":3,"column":17}},"3":{"start":{"line":4,"column":14},"end":{"line":4,"column":16}},"4":{"start":{"line":5,"column":15},"end":{"line":5,"column":17}},"5":{"start":{"line":6,"column":2},"end":{"line":10,"column":3}},"6":{"start":{"line":6,"column":15},"end":{"line":6,"column":16}},"7":{"start":{"line":7,"column":4},"end":{"line":7,"column":49}},"8":{"start":{"line":8,"column":4},"end":{"line":8,"column":45}},"9":{"start":{"line":9,"column":4},"end":{"line":9,"column":49}},"10":{"start":{"line":11,"column":20},"end":{"line":11,"column":37}},"11":{"start":{"line":12,"column":2},"end":{"line":14,"column":3}},"12":{"start":{"line":12,"column":15},"end":{"line":12,"column":16}},"13":{"start":{"line":13,"column":4},"end":{"line":13,"column":32}},"14":{"start":{"line":15,"column":2},"end":{"line":15,"column":45}},"15":{"start":{"line":19,"column":2},"end":{"line":25,"column":3}},"16":{"start":{"line":20,"column":4},"end":{"line":23,"column":5}},"17":{"start":{"line":21,"column":6},"end":{"line":21,"column":72}},"18":{"start":{"line":22,"column":6},"end":{"line":22,"column":21}},"19":{"start":{"line":24,"column":4},"end":{"line":24,"column":21}},"20":{"start":{"line":29,"column":2},"end":{"line":35,"column":3}},"21":{"start":{"line":30,"column":4},"end":{"line":33,"column":5}},"22":{"start":{"line":31,"column":6},"end":{"line":31,"column":71}},"23":{"start":{"line":32,"column":6},"end":{"line":32,"column":21}},"24":{"start":{"line":34,"column":4},"end":{"line":34,"column":21}},"25":{"start":{"line":39,"column":2},"end":{"line":45,"column":3}},"26":{"start":{"line":40,"column":4},"end":{"line":43,"column":5}},"27":{"start":{"line":41,"column":6},"end":{"line":41,"column":72}},"28":{"start":{"line":42,"column":6},"end":{"line":42,"column":21}},"29":{"start":{"line":44,"column":4},"end":{"line":44,"column":21}},"30":{"start":{"line":49,"column":2},"end":{"line":52,"column":3}},"31":{"start":{"line":50,"column":4},"end":{"line":50,"column":26}},"32":{"start":{"line":51,"column":4},"end":{"line":51,"column":10}},"33":{"start":{"line":53,"column":2},"end":{"line":56,"column":3}},"34":{"start":{"line":54,"column":4},"end":{"line":54,"column":26}},"35":{"start":{"line":55,"column":4},"end":{"line":55,"column":10}},"36":{"start":{"line":57,"column":2},"end":{"line":63,"column":3}},"37":{"start":{"line":58,"column":4},"end":{"line":61,"column":5}},"38":{"start":{"line":59,"column":6},"end":{"line":59,"column":68}},"39":{"start":{"line":60,"column":6},"end":{"line":60,"column":21}},"40":{"start":{"line":62,"column":4},"end":{"line":62,"column":10}},"41":{"start":{"line":64,"column":2},"end":{"line":64,"column":63}},"42":{"start":{"line":65,"column":2},"end":{"line":65,"column":17}},"43":{"start":{"line":69,"column":2},"end":{"line":71,"column":3}},"44":{"start":{"line":70,"column":4},"end":{"line":70,"column":10}},"45":{"start":{"line":72,"column":2},"end":{"line":72,"column":49}},"46":{"start":{"line":73,"column":2},"end":{"line":73,"column":17}}},"fnMap":{"0":{"name":"(anonymous_0)","decl":{"start":{"line":1,"column":24},"end":{"line":1,"column":25}},"loc":{"start":{"line":1,"column":30},"end":{"line":16,"column":1}},"line":1},"1":{"name":"findConfig","decl":{"start":{"line":18,"column":16},"end":{"line":18,"column":26}},"loc":{"start":{"line":18,"column":43},"end":{"line":26,"column":1}},"line":18},"2":{"name":"findInput","decl":{"start":{"line":28,"column":16},"end":{"line":28,"column":25}},"loc":{"start":{"line":28,"column":42},"end":{"line":36,"column":1}},"line":28},"3":{"name":"findOutput","decl":{"start":{"line":38,"column":16},"end":{"line":38,"column":26}},"loc":{"start":{"line":38,"column":43},"end":{"line":46,"column":1}},"line":38},"4":{"name":"validateConfig","decl":{"start":{"line":48,"column":16},"end":{"line":48,"column":30}},"loc":{"start":{"line":48,"column":39},"end":{"line":66,"column":1}},"line":48},"5":{"name":"validateAction","decl":{"start":{"line":68,"column":16},"end":{"line":68,"column":30}},"loc":{"start":{"line":68,"column":39},"end":{"line":74,"column":1}},"line":68}},"branchMap":{"0":{"loc":{"start":{"line":7,"column":13},"end":{"line":7,"column":49}},"type":"binary-expr","locations":[{"start":{"line":7,"column":13},"end":{"line":7,"column":39}},{"start":{"line":7,"column":43},"end":{"line":7,"column":49}}],"line":7},"1":{"loc":{"start":{"line":8,"column":12},"end":{"line":8,"column":45}},"type":"binary-expr","locations":[{"start":{"line":8,"column":12},"end":{"line":8,"column":36}},{"start":{"line":8,"column":40},"end":{"line":8,"column":45}}],"line":8},"2":{"loc":{"start":{"line":9,"column":13},"end":{"line":9,"column":49}},"type":"binary-expr","locations":[{"start":{"line":9,"column":13},"end":{"line":9,"column":39}},{"start":{"line":9,"column":43},"end":{"line":9,"column":49}}],"line":9},"3":{"loc":{"start":{"line":19,"column":2},"end":{"line":25,"column":3}},"type":"if","locations":[{"start":{"line":19,"column":2},"end":{"line":25,"column":3}},{"start":{},"end":{}}],"line":19},"4":{"loc":{"start":{"line":19,"column":6},"end":{"line":19,"column":46}},"type":"binary-expr","locations":[{"start":{"line":19,"column":6},"end":{"line":19,"column":21}},{"start":{"line":19,"column":25},"end":{"line":19,"column":46}}],"line":19},"5":{"loc":{"start":{"line":20,"column":4},"end":{"line":23,"column":5}},"type":"if","locations":[{"start":{"line":20,"column":4},"end":{"line":23,"column":5}},{"start":{},"end":{}}],"line":20},"6":{"loc":{"start":{"line":29,"column":2},"end":{"line":35,"column":3}},"type":"if","locations":[{"start":{"line":29,"column":2},"end":{"line":35,"column":3}},{"start":{},"end":{}}],"line":29},"7":{"loc":{"start":{"line":29,"column":6},"end":{"line":29,"column":45}},"type":"binary-expr","locations":[{"start":{"line":29,"column":6},"end":{"line":29,"column":21}},{"start":{"line":29,"column":25},"end":{"line":29,"column":45}}],"line":29},"8":{"loc":{"start":{"line":30,"column":4},"end":{"line":33,"column":5}},"type":"if","locations":[{"start":{"line":30,"column":4},"end":{"line":33,"column":5}},{"start":{},"end":{}}],"line":30},"9":{"loc":{"start":{"line":39,"column":2},"end":{"line":45,"column":3}},"type":"if","locations":[{"start":{"line":39,"column":2},"end":{"line":45,"column":3}},{"start":{},"end":{}}],"line":39},"10":{"loc":{"start":{"line":39,"column":6},"end":{"line":39,"column":46}},"type":"binary-expr","locations":[{"start":{"line":39,"column":6},"end":{"line":39,"column":21}},{"start":{"line":39,"column":25},"end":{"line":39,"column":46}}],"line":39},"11":{"loc":{"start":{"line":40,"column":4},"end":{"line":43,"column":5}},"type":"if","locations":[{"start":{"line":40,"column":4},"end":{"line":43,"column":5}},{"start":{},"end":{}}],"line":40},"12":{"loc":{"start":{"line":49,"column":2},"end":{"line":52,"column":3}},"type":"if","locations":[{"start":{"line":49,"column":2},"end":{"line":52,"column":3}},{"start":{},"end":{}}],"line":49},"13":{"loc":{"start":{"line":53,"column":2},"end":{"line":56,"column":3}},"type":"if","locations":[{"start":{"line":53,"column":2},"end":{"line":56,"column":3}},{"start":{},"end":{}}],"line":53},"14":{"loc":{"start":{"line":57,"column":2},"end":{"line":63,"column":3}},"type":"if","locations":[{"start":{"line":57,"column":2},"end":{"line":63,"column":3}},{"start":{},"end":{}}],"line":57},"15":{"loc":{"start":{"line":58,"column":4},"end":{"line":61,"column":5}},"type":"if","locations":[{"start":{"line":58,"column":4},"end":{"line":61,"column":5}},{"start":{},"end":{}}],"line":58},"16":{"loc":{"start":{"line":69,"column":2},"end":{"line":71,"column":3}},"type":"if","locations":[{"start":{"line":69,"column":2},"end":{"line":71,"column":3}},{"start":{},"end":{}}],"line":69},"17":{"loc":{"start":{"line":69,"column":6},"end":{"line":69,"column":56}},"type":"binary-expr","locations":[{"start":{"line":69,"column":6},"end":{"line":69,"column":29}},{"start":{"line":69,"column":33},"end":{"line":69,"column":56}}],"line":69}},"s":{"0":1,"1":0,"2":0,"3":0,"4":0,"5":0,"6":0,"7":0,"8":0,"9":0,"10":0,"11":0,"12":0,"13":0,"14":0,"15":3,"16":3,"17":1,"18":1,"19":3,"20":3,"21":3,"22":1,"23":1,"24":3,"25":3,"26":3,"27":1,"28":1,"29":3,"30":0,"31":0,"32":0,"33":0,"34":0,"35":0,"36":0,"37":0,"38":0,"39":0,"40":0,"41":0,"42":0,"43":1,"44":1,"45":0,"46":0},"f":{"0":0,"1":3,"2":3,"3":3,"4":0,"5":1},"b":{"0":[0,0],"1":[0,0],"2":[0,0],"3":[3,0],"4":[3,1],"5":[1,2],"6":[3,0],"7":[3,1],"8":[1,2],"9":[3,0],"10":[3,1],"11":[1,2],"12":[0,0],"13":[0,0],"14":[0,0],"15":[0,0],"16":[1,0],"17":[1,0]},"_coverageSchema":"1a1c01bbd47fc00a2c39e90264f33305004495a9","hash":"ac513983f8c0bbdd1df86b364798b6b75d0da25e"}
}
