{"/Users/gaziztuleukulov/Documents/Learning/NodeJSRSScool/2021Q3/Task-1.-Ciphering-CLI-tool/src/atbashChipher.js": {"path":"/Users/gaziztuleukulov/Documents/Learning/NodeJSRSScool/2021Q3/Task-1.-Ciphering-CLI-tool/src/atbashChipher.js","statementMap":{"0":{"start":{"line":1,"column":28},"end":{"line":8,"column":1}},"1":{"start":{"line":2,"column":18},"end":{"line":2,"column":20}},"2":{"start":{"line":3,"column":2},"end":{"line":6,"column":3}},"3":{"start":{"line":3,"column":15},"end":{"line":3,"column":16}},"4":{"start":{"line":4,"column":20},"end":{"line":4,"column":52}},"5":{"start":{"line":5,"column":4},"end":{"line":5,"column":45}},"6":{"start":{"line":7,"column":2},"end":{"line":7,"column":18}},"7":{"start":{"line":10,"column":19},"end":{"line":19,"column":1}},"8":{"start":{"line":12,"column":2},"end":{"line":16,"column":22}},"9":{"start":{"line":13,"column":4},"end":{"line":13,"column":34}},"10":{"start":{"line":14,"column":9},"end":{"line":16,"column":22}},"11":{"start":{"line":15,"column":4},"end":{"line":15,"column":34}},"12":{"start":{"line":16,"column":9},"end":{"line":16,"column":22}},"13":{"start":{"line":18,"column":2},"end":{"line":18,"column":13}},"14":{"start":{"line":21,"column":20},"end":{"line":24,"column":1}},"15":{"start":{"line":22,"column":18},"end":{"line":22,"column":53}},"16":{"start":{"line":23,"column":2},"end":{"line":23,"column":16}}},"fnMap":{"0":{"name":"(anonymous_0)","decl":{"start":{"line":1,"column":28},"end":{"line":1,"column":29}},"loc":{"start":{"line":1,"column":37},"end":{"line":8,"column":1}},"line":1},"1":{"name":"(anonymous_1)","decl":{"start":{"line":10,"column":19},"end":{"line":10,"column":20}},"loc":{"start":{"line":10,"column":31},"end":{"line":19,"column":1}},"line":10},"2":{"name":"(anonymous_2)","decl":{"start":{"line":21,"column":20},"end":{"line":21,"column":21}},"loc":{"start":{"line":21,"column":39},"end":{"line":24,"column":1}},"line":21}},"branchMap":{"0":{"loc":{"start":{"line":12,"column":2},"end":{"line":16,"column":22}},"type":"if","locations":[{"start":{"line":12,"column":2},"end":{"line":16,"column":22}},{"start":{"line":14,"column":9},"end":{"line":16,"column":22}}],"line":12},"1":{"loc":{"start":{"line":12,"column":6},"end":{"line":12,"column":34}},"type":"binary-expr","locations":[{"start":{"line":12,"column":6},"end":{"line":12,"column":18}},{"start":{"line":12,"column":22},"end":{"line":12,"column":34}}],"line":12},"2":{"loc":{"start":{"line":14,"column":9},"end":{"line":16,"column":22}},"type":"if","locations":[{"start":{"line":14,"column":9},"end":{"line":16,"column":22}},{"start":{"line":16,"column":9},"end":{"line":16,"column":22}}],"line":14},"3":{"loc":{"start":{"line":14,"column":13},"end":{"line":14,"column":42}},"type":"binary-expr","locations":[{"start":{"line":14,"column":13},"end":{"line":14,"column":25}},{"start":{"line":14,"column":29},"end":{"line":14,"column":42}}],"line":14}},"s":{"0":1,"1":1,"2":1,"3":1,"4":41,"5":41,"6":1,"7":1,"8":41,"9":2,"10":39,"11":28,"12":11,"13":41,"14":1,"15":30,"16":30},"f":{"0":1,"1":41,"2":30},"b":{"0":[2,39],"1":[41,31],"2":[28,11],"3":[39,28]},"_coverageSchema":"1a1c01bbd47fc00a2c39e90264f33305004495a9","hash":"73fbdd4aec20b8d78e351b4105fed7e5895d2f78"}
,"/Users/gaziztuleukulov/Documents/Learning/NodeJSRSScool/2021Q3/Task-1.-Ciphering-CLI-tool/src/caesarCipher.js": {"path":"/Users/gaziztuleukulov/Documents/Learning/NodeJSRSScool/2021Q3/Task-1.-Ciphering-CLI-tool/src/caesarCipher.js","statementMap":{"0":{"start":{"line":1,"column":28},"end":{"line":11,"column":1}},"1":{"start":{"line":2,"column":2},"end":{"line":10,"column":3}},"2":{"start":{"line":3,"column":22},"end":{"line":3,"column":70}},"3":{"start":{"line":3,"column":51},"end":{"line":3,"column":69}},"4":{"start":{"line":4,"column":24},"end":{"line":4,"column":26}},"5":{"start":{"line":5,"column":4},"end":{"line":8,"column":5}},"6":{"start":{"line":5,"column":17},"end":{"line":5,"column":18}},"7":{"start":{"line":6,"column":17},"end":{"line":6,"column":48}},"8":{"start":{"line":7,"column":6},"end":{"line":7,"column":49}},"9":{"start":{"line":9,"column":4},"end":{"line":9,"column":31}},"10":{"start":{"line":13,"column":19},"end":{"line":22,"column":1}},"11":{"start":{"line":15,"column":2},"end":{"line":19,"column":22}},"12":{"start":{"line":16,"column":4},"end":{"line":16,"column":42}},"13":{"start":{"line":17,"column":9},"end":{"line":19,"column":22}},"14":{"start":{"line":18,"column":4},"end":{"line":18,"column":42}},"15":{"start":{"line":19,"column":9},"end":{"line":19,"column":22}},"16":{"start":{"line":21,"column":2},"end":{"line":21,"column":13}},"17":{"start":{"line":24,"column":25},"end":{"line":28,"column":1}},"18":{"start":{"line":26,"column":18},"end":{"line":26,"column":46}},"19":{"start":{"line":27,"column":2},"end":{"line":27,"column":42}},"20":{"start":{"line":30,"column":25},"end":{"line":34,"column":1}},"21":{"start":{"line":31,"column":18},"end":{"line":31,"column":46}},"22":{"start":{"line":32,"column":17},"end":{"line":32,"column":51}},"23":{"start":{"line":33,"column":2},"end":{"line":33,"column":15}}},"fnMap":{"0":{"name":"(anonymous_0)","decl":{"start":{"line":1,"column":28},"end":{"line":1,"column":29}},"loc":{"start":{"line":1,"column":39},"end":{"line":11,"column":1}},"line":1},"1":{"name":"(anonymous_1)","decl":{"start":{"line":2,"column":9},"end":{"line":2,"column":10}},"loc":{"start":{"line":2,"column":25},"end":{"line":10,"column":3}},"line":2},"2":{"name":"(anonymous_2)","decl":{"start":{"line":3,"column":41},"end":{"line":3,"column":42}},"loc":{"start":{"line":3,"column":51},"end":{"line":3,"column":69}},"line":3},"3":{"name":"(anonymous_3)","decl":{"start":{"line":13,"column":19},"end":{"line":13,"column":20}},"loc":{"start":{"line":13,"column":38},"end":{"line":22,"column":1}},"line":13},"4":{"name":"(anonymous_4)","decl":{"start":{"line":24,"column":25},"end":{"line":24,"column":26}},"loc":{"start":{"line":24,"column":44},"end":{"line":28,"column":1}},"line":24},"5":{"name":"(anonymous_5)","decl":{"start":{"line":30,"column":25},"end":{"line":30,"column":26}},"loc":{"start":{"line":30,"column":44},"end":{"line":34,"column":1}},"line":30}},"branchMap":{"0":{"loc":{"start":{"line":15,"column":2},"end":{"line":19,"column":22}},"type":"if","locations":[{"start":{"line":15,"column":2},"end":{"line":19,"column":22}},{"start":{"line":17,"column":9},"end":{"line":19,"column":22}}],"line":15},"1":{"loc":{"start":{"line":15,"column":6},"end":{"line":15,"column":34}},"type":"binary-expr","locations":[{"start":{"line":15,"column":6},"end":{"line":15,"column":18}},{"start":{"line":15,"column":22},"end":{"line":15,"column":34}}],"line":15},"2":{"loc":{"start":{"line":17,"column":9},"end":{"line":19,"column":22}},"type":"if","locations":[{"start":{"line":17,"column":9},"end":{"line":19,"column":22}},{"start":{"line":19,"column":9},"end":{"line":19,"column":22}}],"line":17},"3":{"loc":{"start":{"line":17,"column":13},"end":{"line":17,"column":42}},"type":"binary-expr","locations":[{"start":{"line":17,"column":13},"end":{"line":17,"column":25}},{"start":{"line":17,"column":29},"end":{"line":17,"column":42}}],"line":17},"4":{"loc":{"start":{"line":27,"column":10},"end":{"line":27,"column":31}},"type":"cond-expr","locations":[{"start":{"line":27,"column":24},"end":{"line":27,"column":26}},{"start":{"line":27,"column":29},"end":{"line":27,"column":31}}],"line":27},"5":{"loc":{"start":{"line":32,"column":18},"end":{"line":32,"column":40}},"type":"cond-expr","locations":[{"start":{"line":32,"column":32},"end":{"line":32,"column":35}},{"start":{"line":32,"column":38},"end":{"line":32,"column":40}}],"line":32}},"s":{"0":1,"1":4,"2":3,"3":123,"4":3,"5":3,"6":3,"7":123,"8":123,"9":3,"10":1,"11":123,"12":6,"13":117,"14":84,"15":33,"16":123,"17":1,"18":6,"19":6,"20":1,"21":84,"22":84,"23":84},"f":{"0":4,"1":3,"2":123,"3":123,"4":6,"5":84},"b":{"0":[6,117],"1":[123,93],"2":[84,33],"3":[117,84],"4":[0,6],"5":[10,74]},"_coverageSchema":"1a1c01bbd47fc00a2c39e90264f33305004495a9","hash":"8ae9cd3852a1f1e1d27d5bb218274c9ccf38f6b0"}
,"/Users/gaziztuleukulov/Documents/Learning/NodeJSRSScool/2021Q3/Task-1.-Ciphering-CLI-tool/src/cli.js": {"path":"/Users/gaziztuleukulov/Documents/Learning/NodeJSRSScool/2021Q3/Task-1.-Ciphering-CLI-tool/src/cli.js","statementMap":{"0":{"start":{"line":1,"column":24},"end":{"line":16,"column":1}},"1":{"start":{"line":2,"column":14},"end":{"line":2,"column":35}},"2":{"start":{"line":3,"column":15},"end":{"line":3,"column":17}},"3":{"start":{"line":4,"column":14},"end":{"line":4,"column":16}},"4":{"start":{"line":5,"column":15},"end":{"line":5,"column":17}},"5":{"start":{"line":6,"column":2},"end":{"line":10,"column":3}},"6":{"start":{"line":6,"column":15},"end":{"line":6,"column":16}},"7":{"start":{"line":7,"column":4},"end":{"line":7,"column":49}},"8":{"start":{"line":8,"column":4},"end":{"line":8,"column":45}},"9":{"start":{"line":9,"column":4},"end":{"line":9,"column":49}},"10":{"start":{"line":11,"column":20},"end":{"line":11,"column":37}},"11":{"start":{"line":12,"column":2},"end":{"line":14,"column":3}},"12":{"start":{"line":12,"column":15},"end":{"line":12,"column":16}},"13":{"start":{"line":13,"column":4},"end":{"line":13,"column":32}},"14":{"start":{"line":15,"column":2},"end":{"line":15,"column":45}},"15":{"start":{"line":19,"column":2},"end":{"line":25,"column":3}},"16":{"start":{"line":20,"column":4},"end":{"line":23,"column":5}},"17":{"start":{"line":21,"column":6},"end":{"line":21,"column":72}},"18":{"start":{"line":22,"column":6},"end":{"line":22,"column":21}},"19":{"start":{"line":24,"column":4},"end":{"line":24,"column":21}},"20":{"start":{"line":29,"column":2},"end":{"line":35,"column":3}},"21":{"start":{"line":30,"column":4},"end":{"line":33,"column":5}},"22":{"start":{"line":31,"column":6},"end":{"line":31,"column":71}},"23":{"start":{"line":32,"column":6},"end":{"line":32,"column":21}},"24":{"start":{"line":34,"column":4},"end":{"line":34,"column":21}},"25":{"start":{"line":39,"column":2},"end":{"line":45,"column":3}},"26":{"start":{"line":40,"column":4},"end":{"line":43,"column":5}},"27":{"start":{"line":41,"column":6},"end":{"line":41,"column":72}},"28":{"start":{"line":42,"column":6},"end":{"line":42,"column":21}},"29":{"start":{"line":44,"column":4},"end":{"line":44,"column":21}},"30":{"start":{"line":49,"column":2},"end":{"line":52,"column":3}},"31":{"start":{"line":50,"column":4},"end":{"line":50,"column":26}},"32":{"start":{"line":51,"column":4},"end":{"line":51,"column":10}},"33":{"start":{"line":53,"column":2},"end":{"line":56,"column":3}},"34":{"start":{"line":54,"column":4},"end":{"line":54,"column":26}},"35":{"start":{"line":55,"column":4},"end":{"line":55,"column":10}},"36":{"start":{"line":57,"column":2},"end":{"line":63,"column":3}},"37":{"start":{"line":58,"column":4},"end":{"line":61,"column":5}},"38":{"start":{"line":59,"column":6},"end":{"line":59,"column":68}},"39":{"start":{"line":60,"column":6},"end":{"line":60,"column":21}},"40":{"start":{"line":62,"column":4},"end":{"line":62,"column":10}},"41":{"start":{"line":64,"column":2},"end":{"line":64,"column":63}},"42":{"start":{"line":65,"column":2},"end":{"line":65,"column":17}},"43":{"start":{"line":69,"column":2},"end":{"line":71,"column":3}},"44":{"start":{"line":70,"column":4},"end":{"line":70,"column":10}},"45":{"start":{"line":72,"column":2},"end":{"line":72,"column":49}},"46":{"start":{"line":73,"column":2},"end":{"line":73,"column":17}}},"fnMap":{"0":{"name":"(anonymous_0)","decl":{"start":{"line":1,"column":24},"end":{"line":1,"column":25}},"loc":{"start":{"line":1,"column":30},"end":{"line":16,"column":1}},"line":1},"1":{"name":"findConfig","decl":{"start":{"line":18,"column":16},"end":{"line":18,"column":26}},"loc":{"start":{"line":18,"column":43},"end":{"line":26,"column":1}},"line":18},"2":{"name":"findInput","decl":{"start":{"line":28,"column":16},"end":{"line":28,"column":25}},"loc":{"start":{"line":28,"column":42},"end":{"line":36,"column":1}},"line":28},"3":{"name":"findOutput","decl":{"start":{"line":38,"column":16},"end":{"line":38,"column":26}},"loc":{"start":{"line":38,"column":43},"end":{"line":46,"column":1}},"line":38},"4":{"name":"validateConfig","decl":{"start":{"line":48,"column":16},"end":{"line":48,"column":30}},"loc":{"start":{"line":48,"column":39},"end":{"line":66,"column":1}},"line":48},"5":{"name":"validateAction","decl":{"start":{"line":68,"column":16},"end":{"line":68,"column":30}},"loc":{"start":{"line":68,"column":39},"end":{"line":74,"column":1}},"line":68}},"branchMap":{"0":{"loc":{"start":{"line":7,"column":13},"end":{"line":7,"column":49}},"type":"binary-expr","locations":[{"start":{"line":7,"column":13},"end":{"line":7,"column":39}},{"start":{"line":7,"column":43},"end":{"line":7,"column":49}}],"line":7},"1":{"loc":{"start":{"line":8,"column":12},"end":{"line":8,"column":45}},"type":"binary-expr","locations":[{"start":{"line":8,"column":12},"end":{"line":8,"column":36}},{"start":{"line":8,"column":40},"end":{"line":8,"column":45}}],"line":8},"2":{"loc":{"start":{"line":9,"column":13},"end":{"line":9,"column":49}},"type":"binary-expr","locations":[{"start":{"line":9,"column":13},"end":{"line":9,"column":39}},{"start":{"line":9,"column":43},"end":{"line":9,"column":49}}],"line":9},"3":{"loc":{"start":{"line":19,"column":2},"end":{"line":25,"column":3}},"type":"if","locations":[{"start":{"line":19,"column":2},"end":{"line":25,"column":3}},{"start":{},"end":{}}],"line":19},"4":{"loc":{"start":{"line":19,"column":6},"end":{"line":19,"column":46}},"type":"binary-expr","locations":[{"start":{"line":19,"column":6},"end":{"line":19,"column":21}},{"start":{"line":19,"column":25},"end":{"line":19,"column":46}}],"line":19},"5":{"loc":{"start":{"line":20,"column":4},"end":{"line":23,"column":5}},"type":"if","locations":[{"start":{"line":20,"column":4},"end":{"line":23,"column":5}},{"start":{},"end":{}}],"line":20},"6":{"loc":{"start":{"line":29,"column":2},"end":{"line":35,"column":3}},"type":"if","locations":[{"start":{"line":29,"column":2},"end":{"line":35,"column":3}},{"start":{},"end":{}}],"line":29},"7":{"loc":{"start":{"line":29,"column":6},"end":{"line":29,"column":45}},"type":"binary-expr","locations":[{"start":{"line":29,"column":6},"end":{"line":29,"column":21}},{"start":{"line":29,"column":25},"end":{"line":29,"column":45}}],"line":29},"8":{"loc":{"start":{"line":30,"column":4},"end":{"line":33,"column":5}},"type":"if","locations":[{"start":{"line":30,"column":4},"end":{"line":33,"column":5}},{"start":{},"end":{}}],"line":30},"9":{"loc":{"start":{"line":39,"column":2},"end":{"line":45,"column":3}},"type":"if","locations":[{"start":{"line":39,"column":2},"end":{"line":45,"column":3}},{"start":{},"end":{}}],"line":39},"10":{"loc":{"start":{"line":39,"column":6},"end":{"line":39,"column":46}},"type":"binary-expr","locations":[{"start":{"line":39,"column":6},"end":{"line":39,"column":21}},{"start":{"line":39,"column":25},"end":{"line":39,"column":46}}],"line":39},"11":{"loc":{"start":{"line":40,"column":4},"end":{"line":43,"column":5}},"type":"if","locations":[{"start":{"line":40,"column":4},"end":{"line":43,"column":5}},{"start":{},"end":{}}],"line":40},"12":{"loc":{"start":{"line":49,"column":2},"end":{"line":52,"column":3}},"type":"if","locations":[{"start":{"line":49,"column":2},"end":{"line":52,"column":3}},{"start":{},"end":{}}],"line":49},"13":{"loc":{"start":{"line":53,"column":2},"end":{"line":56,"column":3}},"type":"if","locations":[{"start":{"line":53,"column":2},"end":{"line":56,"column":3}},{"start":{},"end":{}}],"line":53},"14":{"loc":{"start":{"line":57,"column":2},"end":{"line":63,"column":3}},"type":"if","locations":[{"start":{"line":57,"column":2},"end":{"line":63,"column":3}},{"start":{},"end":{}}],"line":57},"15":{"loc":{"start":{"line":58,"column":4},"end":{"line":61,"column":5}},"type":"if","locations":[{"start":{"line":58,"column":4},"end":{"line":61,"column":5}},{"start":{},"end":{}}],"line":58},"16":{"loc":{"start":{"line":69,"column":2},"end":{"line":71,"column":3}},"type":"if","locations":[{"start":{"line":69,"column":2},"end":{"line":71,"column":3}},{"start":{},"end":{}}],"line":69},"17":{"loc":{"start":{"line":69,"column":6},"end":{"line":69,"column":56}},"type":"binary-expr","locations":[{"start":{"line":69,"column":6},"end":{"line":69,"column":29}},{"start":{"line":69,"column":33},"end":{"line":69,"column":56}}],"line":69}},"s":{"0":1,"1":0,"2":0,"3":0,"4":0,"5":0,"6":0,"7":0,"8":0,"9":0,"10":0,"11":0,"12":0,"13":0,"14":0,"15":3,"16":3,"17":1,"18":1,"19":3,"20":3,"21":3,"22":1,"23":1,"24":3,"25":3,"26":3,"27":1,"28":1,"29":3,"30":6,"31":2,"32":2,"33":4,"34":1,"35":1,"36":3,"37":2,"38":1,"39":1,"40":2,"41":1,"42":1,"43":5,"44":4,"45":1,"46":1},"f":{"0":0,"1":3,"2":3,"3":3,"4":6,"5":5},"b":{"0":[0,0],"1":[0,0],"2":[0,0],"3":[3,0],"4":[3,1],"5":[1,2],"6":[3,0],"7":[3,1],"8":[1,2],"9":[3,0],"10":[3,1],"11":[1,2],"12":[2,4],"13":[1,3],"14":[2,1],"15":[1,1],"16":[4,1],"17":[5,2]},"_coverageSchema":"1a1c01bbd47fc00a2c39e90264f33305004495a9","hash":"ac513983f8c0bbdd1df86b364798b6b75d0da25e"}
,"/Users/gaziztuleukulov/Documents/Learning/NodeJSRSScool/2021Q3/Task-1.-Ciphering-CLI-tool/src/decodeText.js": {"path":"/Users/gaziztuleukulov/Documents/Learning/NodeJSRSScool/2021Q3/Task-1.-Ciphering-CLI-tool/src/decodeText.js","statementMap":{"0":{"start":{"line":4,"column":15},"end":{"line":10,"column":1}},"1":{"start":{"line":11,"column":26},"end":{"line":13,"column":1}},"2":{"start":{"line":12,"column":2},"end":{"line":12,"column":29}}},"fnMap":{"0":{"name":"(anonymous_0)","decl":{"start":{"line":11,"column":26},"end":{"line":11,"column":27}},"loc":{"start":{"line":11,"column":44},"end":{"line":13,"column":1}},"line":11}},"branchMap":{},"s":{"0":1,"1":1,"2":4},"f":{"0":4},"b":{},"_coverageSchema":"1a1c01bbd47fc00a2c39e90264f33305004495a9","hash":"d20d7878a551de3755e8177e6ce3848e9bf0132a"}
,"/Users/gaziztuleukulov/Documents/Learning/NodeJSRSScool/2021Q3/Task-1.-Ciphering-CLI-tool/src/stream.js": {"path":"/Users/gaziztuleukulov/Documents/Learning/NodeJSRSScool/2021Q3/Task-1.-Ciphering-CLI-tool/src/stream.js","statementMap":{"0":{"start":{"line":5,"column":22},"end":{"line":13,"column":1}},"1":{"start":{"line":6,"column":2},"end":{"line":12,"column":4}},"2":{"start":{"line":8,"column":19},"end":{"line":8,"column":55}},"3":{"start":{"line":9,"column":6},"end":{"line":9,"column":23}},"4":{"start":{"line":10,"column":6},"end":{"line":10,"column":10}},"5":{"start":{"line":15,"column":36},"end":{"line":34,"column":1}},"6":{"start":{"line":16,"column":2},"end":{"line":24,"column":3}},"7":{"start":{"line":17,"column":4},"end":{"line":23,"column":6}},"8":{"start":{"line":18,"column":6},"end":{"line":22,"column":8}},"9":{"start":{"line":19,"column":8},"end":{"line":21,"column":24}},"10":{"start":{"line":20,"column":10},"end":{"line":20,"column":21}},"11":{"start":{"line":21,"column":15},"end":{"line":21,"column":24}},"12":{"start":{"line":25,"column":2},"end":{"line":33,"column":3}},"13":{"start":{"line":26,"column":4},"end":{"line":32,"column":5}},"14":{"start":{"line":27,"column":6},"end":{"line":31,"column":8}},"15":{"start":{"line":28,"column":8},"end":{"line":30,"column":24}},"16":{"start":{"line":29,"column":10},"end":{"line":29,"column":21}},"17":{"start":{"line":30,"column":15},"end":{"line":30,"column":24}},"18":{"start":{"line":36,"column":25},"end":{"line":64,"column":1}},"19":{"start":{"line":38,"column":2},"end":{"line":42,"column":3}},"20":{"start":{"line":39,"column":4},"end":{"line":39,"column":53}},"21":{"start":{"line":41,"column":4},"end":{"line":41,"column":30}},"22":{"start":{"line":43,"column":2},"end":{"line":50,"column":3}},"23":{"start":{"line":44,"column":4},"end":{"line":47,"column":6}},"24":{"start":{"line":49,"column":4},"end":{"line":49,"column":32}},"25":{"start":{"line":51,"column":2},"end":{"line":63,"column":4}},"26":{"start":{"line":52,"column":4},"end":{"line":62,"column":5}},"27":{"start":{"line":55,"column":8},"end":{"line":55,"column":34}},"28":{"start":{"line":60,"column":8},"end":{"line":60,"column":21}}},"fnMap":{"0":{"name":"(anonymous_0)","decl":{"start":{"line":5,"column":22},"end":{"line":5,"column":23}},"loc":{"start":{"line":5,"column":34},"end":{"line":13,"column":1}},"line":5},"1":{"name":"(anonymous_1)","decl":{"start":{"line":7,"column":4},"end":{"line":7,"column":5}},"loc":{"start":{"line":7,"column":35},"end":{"line":11,"column":5}},"line":7},"2":{"name":"(anonymous_2)","decl":{"start":{"line":15,"column":36},"end":{"line":15,"column":37}},"loc":{"start":{"line":15,"column":61},"end":{"line":34,"column":1}},"line":15},"3":{"name":"(anonymous_3)","decl":{"start":{"line":17,"column":22},"end":{"line":17,"column":23}},"loc":{"start":{"line":17,"column":43},"end":{"line":23,"column":5}},"line":17},"4":{"name":"(anonymous_4)","decl":{"start":{"line":18,"column":42},"end":{"line":18,"column":43}},"loc":{"start":{"line":18,"column":51},"end":{"line":22,"column":7}},"line":18},"5":{"name":"(anonymous_5)","decl":{"start":{"line":26,"column":22},"end":{"line":26,"column":23}},"loc":{"start":{"line":27,"column":6},"end":{"line":31,"column":8}},"line":27},"6":{"name":"(anonymous_6)","decl":{"start":{"line":27,"column":43},"end":{"line":27,"column":44}},"loc":{"start":{"line":27,"column":52},"end":{"line":31,"column":7}},"line":27},"7":{"name":"(anonymous_7)","decl":{"start":{"line":36,"column":25},"end":{"line":36,"column":26}},"loc":{"start":{"line":36,"column":58},"end":{"line":64,"column":1}},"line":36},"8":{"name":"(anonymous_8)","decl":{"start":{"line":39,"column":44},"end":{"line":39,"column":45}},"loc":{"start":{"line":39,"column":50},"end":{"line":39,"column":52}},"line":39},"9":{"name":"(anonymous_9)","decl":{"start":{"line":51,"column":27},"end":{"line":51,"column":28}},"loc":{"start":{"line":51,"column":48},"end":{"line":63,"column":3}},"line":51},"10":{"name":"(anonymous_10)","decl":{"start":{"line":54,"column":20},"end":{"line":54,"column":21}},"loc":{"start":{"line":54,"column":30},"end":{"line":56,"column":7}},"line":54},"11":{"name":"(anonymous_11)","decl":{"start":{"line":59,"column":6},"end":{"line":59,"column":7}},"loc":{"start":{"line":59,"column":12},"end":{"line":61,"column":7}},"line":59}},"branchMap":{"0":{"loc":{"start":{"line":16,"column":2},"end":{"line":24,"column":3}},"type":"if","locations":[{"start":{"line":16,"column":2},"end":{"line":24,"column":3}},{"start":{},"end":{}}],"line":16},"1":{"loc":{"start":{"line":19,"column":8},"end":{"line":21,"column":24}},"type":"if","locations":[{"start":{"line":19,"column":8},"end":{"line":21,"column":24}},{"start":{"line":21,"column":15},"end":{"line":21,"column":24}}],"line":19},"2":{"loc":{"start":{"line":25,"column":2},"end":{"line":33,"column":3}},"type":"if","locations":[{"start":{"line":25,"column":2},"end":{"line":33,"column":3}},{"start":{},"end":{}}],"line":25},"3":{"loc":{"start":{"line":28,"column":8},"end":{"line":30,"column":24}},"type":"if","locations":[{"start":{"line":28,"column":8},"end":{"line":30,"column":24}},{"start":{"line":30,"column":15},"end":{"line":30,"column":24}}],"line":28},"4":{"loc":{"start":{"line":38,"column":2},"end":{"line":42,"column":3}},"type":"if","locations":[{"start":{"line":38,"column":2},"end":{"line":42,"column":3}},{"start":{"line":40,"column":9},"end":{"line":42,"column":3}}],"line":38},"5":{"loc":{"start":{"line":43,"column":2},"end":{"line":50,"column":3}},"type":"if","locations":[{"start":{"line":43,"column":2},"end":{"line":50,"column":3}},{"start":{"line":48,"column":9},"end":{"line":50,"column":3}}],"line":43}},"s":{"0":1,"1":4,"2":4,"3":4,"4":4,"5":1,"6":2,"7":2,"8":2,"9":2,"10":1,"11":1,"12":1,"13":1,"14":1,"15":1,"16":0,"17":1,"18":1,"19":1,"20":1,"21":0,"22":1,"23":1,"24":0,"25":1,"26":1,"27":4,"28":1},"f":{"0":4,"1":4,"2":2,"3":2,"4":2,"5":1,"6":1,"7":1,"8":0,"9":1,"10":4,"11":1},"b":{"0":[2,0],"1":[1,1],"2":[1,0],"3":[0,1],"4":[1,0],"5":[1,0]},"_coverageSchema":"1a1c01bbd47fc00a2c39e90264f33305004495a9","hash":"b166db6e585df6bcaa71f089afb875da5241bc25"}
}
