TN:
SF:src/cli.js
FN:1,(anonymous_0)
FN:18,findConfig
FN:28,findInput
FN:38,findOutput
FN:48,validateConfig
FN:68,validateAction
FNF:6
FNH:4
FNDA:0,(anonymous_0)
FNDA:3,findConfig
FNDA:3,findInput
FNDA:3,findOutput
FNDA:0,validateConfig
FNDA:1,validateAction
DA:1,1
DA:2,0
DA:3,0
DA:4,0
DA:5,0
DA:6,0
DA:7,0
DA:8,0
DA:9,0
DA:11,0
DA:12,0
DA:13,0
DA:15,0
DA:19,3
DA:20,3
DA:21,1
DA:22,1
DA:24,3
DA:29,3
DA:30,3
DA:31,1
DA:32,1
DA:34,3
DA:39,3
DA:40,3
DA:41,1
DA:42,1
DA:44,3
DA:49,0
DA:50,0
DA:51,0
DA:53,0
DA:54,0
DA:55,0
DA:57,0
DA:58,0
DA:59,0
DA:60,0
DA:62,0
DA:64,0
DA:65,0
DA:69,1
DA:70,1
DA:72,0
DA:73,0
LF:45
LH:18
BRDA:7,0,0,0
BRDA:7,0,1,0
BRDA:8,1,0,0
BRDA:8,1,1,0
BRDA:9,2,0,0
BRDA:9,2,1,0
BRDA:19,3,0,3
BRDA:19,3,1,0
BRDA:19,4,0,3
BRDA:19,4,1,1
BRDA:20,5,0,1
BRDA:20,5,1,2
BRDA:29,6,0,3
BRDA:29,6,1,0
BRDA:29,7,0,3
BRDA:29,7,1,1
BRDA:30,8,0,1
BRDA:30,8,1,2
BRDA:39,9,0,3
BRDA:39,9,1,0
BRDA:39,10,0,3
BRDA:39,10,1,1
BRDA:40,11,0,1
BRDA:40,11,1,2
BRDA:49,12,0,0
BRDA:49,12,1,0
BRDA:53,13,0,0
BRDA:53,13,1,0
BRDA:57,14,0,0
BRDA:57,14,1,0
BRDA:58,15,0,0
BRDA:58,15,1,0
BRDA:69,16,0,1
BRDA:69,16,1,0
BRDA:69,17,0,1
BRDA:69,17,1,0
BRF:36
BRH:17
end_of_record
