TN:
SF:src/atbashChipher.js
FN:1,(anonymous_0)
FN:10,(anonymous_1)
FN:21,(anonymous_2)
FNF:3
FNH:3
FNDA:1,(anonymous_0)
FNDA:41,(anonymous_1)
FNDA:30,(anonymous_2)
DA:1,1
DA:2,1
DA:3,1
DA:4,41
DA:5,41
DA:7,1
DA:10,1
DA:12,41
DA:13,2
DA:14,39
DA:15,28
DA:16,11
DA:18,41
DA:21,1
DA:22,30
DA:23,30
LF:16
LH:16
BRDA:12,0,0,2
BRDA:12,0,1,39
BRDA:12,1,0,41
BRDA:12,1,1,31
BRDA:14,2,0,28
BRDA:14,2,1,11
BRDA:14,3,0,39
BRDA:14,3,1,28
BRF:8
BRH:8
end_of_record
TN:
SF:src/caesarCipher.js
FN:1,(anonymous_0)
FN:2,(anonymous_1)
FN:3,(anonymous_2)
FN:13,(anonymous_3)
FN:24,(anonymous_4)
FN:30,(anonymous_5)
FNF:6
FNH:6
FNDA:4,(anonymous_0)
FNDA:3,(anonymous_1)
FNDA:123,(anonymous_2)
FNDA:123,(anonymous_3)
FNDA:6,(anonymous_4)
FNDA:84,(anonymous_5)
DA:1,1
DA:2,4
DA:3,123
DA:4,3
DA:5,3
DA:6,123
DA:7,123
DA:9,3
DA:13,1
DA:15,123
DA:16,6
DA:17,117
DA:18,84
DA:19,33
DA:21,123
DA:24,1
DA:26,6
DA:27,6
DA:30,1
DA:31,84
DA:32,84
DA:33,84
LF:22
LH:22
BRDA:15,0,0,6
BRDA:15,0,1,117
BRDA:15,1,0,123
BRDA:15,1,1,93
BRDA:17,2,0,84
BRDA:17,2,1,33
BRDA:17,3,0,117
BRDA:17,3,1,84
BRDA:27,4,0,0
BRDA:27,4,1,6
BRDA:32,5,0,10
BRDA:32,5,1,74
BRF:12
BRH:11
end_of_record
TN:
SF:src/cli.js
FN:1,(anonymous_0)
FN:18,findConfig
FN:28,findInput
FN:38,findOutput
FN:48,validateConfig
FN:68,validateAction
FNF:6
FNH:5
FNDA:0,(anonymous_0)
FNDA:3,findConfig
FNDA:3,findInput
FNDA:3,findOutput
FNDA:6,validateConfig
FNDA:5,validateAction
DA:1,1
DA:2,0
DA:3,0
DA:4,0
DA:5,0
DA:6,0
DA:7,0
DA:8,0
DA:9,0
DA:11,0
DA:12,0
DA:13,0
DA:15,0
DA:19,3
DA:20,3
DA:21,1
DA:22,1
DA:24,3
DA:29,3
DA:30,3
DA:31,1
DA:32,1
DA:34,3
DA:39,3
DA:40,3
DA:41,1
DA:42,1
DA:44,3
DA:49,6
DA:50,2
DA:51,2
DA:53,4
DA:54,1
DA:55,1
DA:57,3
DA:58,2
DA:59,1
DA:60,1
DA:62,2
DA:64,1
DA:65,1
DA:69,5
DA:70,4
DA:72,1
DA:73,1
LF:45
LH:33
BRDA:7,0,0,0
BRDA:7,0,1,0
BRDA:8,1,0,0
BRDA:8,1,1,0
BRDA:9,2,0,0
BRDA:9,2,1,0
BRDA:19,3,0,3
BRDA:19,3,1,0
BRDA:19,4,0,3
BRDA:19,4,1,1
BRDA:20,5,0,1
BRDA:20,5,1,2
BRDA:29,6,0,3
BRDA:29,6,1,0
BRDA:29,7,0,3
BRDA:29,7,1,1
BRDA:30,8,0,1
BRDA:30,8,1,2
BRDA:39,9,0,3
BRDA:39,9,1,0
BRDA:39,10,0,3
BRDA:39,10,1,1
BRDA:40,11,0,1
BRDA:40,11,1,2
BRDA:49,12,0,2
BRDA:49,12,1,4
BRDA:53,13,0,1
BRDA:53,13,1,3
BRDA:57,14,0,2
BRDA:57,14,1,1
BRDA:58,15,0,1
BRDA:58,15,1,1
BRDA:69,16,0,4
BRDA:69,16,1,1
BRDA:69,17,0,5
BRDA:69,17,1,2
BRF:36
BRH:27
end_of_record
TN:
SF:src/decodeText.js
FN:11,(anonymous_0)
FNF:1
FNH:1
FNDA:4,(anonymous_0)
DA:4,1
DA:11,1
DA:12,4
LF:3
LH:3
BRF:0
BRH:0
end_of_record
TN:
SF:src/stream.js
FN:5,(anonymous_0)
FN:7,(anonymous_1)
FN:15,(anonymous_2)
FN:17,(anonymous_3)
FN:18,(anonymous_4)
FN:26,(anonymous_5)
FN:27,(anonymous_6)
FN:36,(anonymous_7)
FN:39,(anonymous_8)
FN:51,(anonymous_9)
FN:54,(anonymous_10)
FN:59,(anonymous_11)
FNF:12
FNH:11
FNDA:4,(anonymous_0)
FNDA:4,(anonymous_1)
FNDA:2,(anonymous_2)
FNDA:2,(anonymous_3)
FNDA:2,(anonymous_4)
FNDA:1,(anonymous_5)
FNDA:1,(anonymous_6)
FNDA:1,(anonymous_7)
FNDA:0,(anonymous_8)
FNDA:1,(anonymous_9)
FNDA:4,(anonymous_10)
FNDA:1,(anonymous_11)
DA:5,1
DA:6,4
DA:8,4
DA:9,4
DA:10,4
DA:15,1
DA:16,2
DA:17,2
DA:18,2
DA:19,2
DA:20,1
DA:21,1
DA:25,1
DA:26,1
DA:27,1
DA:28,1
DA:29,0
DA:30,1
DA:36,1
DA:38,1
DA:39,1
DA:41,0
DA:43,1
DA:44,1
DA:49,0
DA:51,1
DA:52,1
DA:55,4
DA:60,1
LF:29
LH:26
BRDA:16,0,0,2
BRDA:16,0,1,0
BRDA:19,1,0,1
BRDA:19,1,1,1
BRDA:25,2,0,1
BRDA:25,2,1,0
BRDA:28,3,0,0
BRDA:28,3,1,1
BRDA:38,4,0,1
BRDA:38,4,1,0
BRDA:43,5,0,1
BRDA:43,5,1,0
BRF:12
BRH:7
end_of_record
